2023-12-02 09:09:11	INFO	Route for path / found: App\Controller\JournalFrontendController::index
2023-12-02 09:09:11	INFO	Repository Nacho\Security\UserRepository created
2023-12-02 09:09:11	INFO	Reading data from file /var/www/html/data/secret.json
2023-12-02 09:09:11	INFO	Repository PixlMint\CMS\Repository\SecretRepository created
2023-12-02 09:09:12	INFO	Route for path / found: App\Controller\JournalFrontendController::index
2023-12-02 09:09:12	INFO	Repository Nacho\Security\UserRepository created
2023-12-02 09:09:12	INFO	Reading data from file /var/www/html/data/secret.json
2023-12-02 09:09:12	INFO	Repository PixlMint\CMS\Repository\SecretRepository created
2023-12-02 09:09:12	INFO	Route for path / found: App\Controller\JournalFrontendController::index
2023-12-02 09:09:12	INFO	Repository Nacho\Security\UserRepository created
2023-12-02 09:09:12	INFO	Reading data from file /var/www/html/data/secret.json
2023-12-02 09:09:12	INFO	Repository PixlMint\CMS\Repository\SecretRepository created
2023-12-02 09:10:37	INFO	Route for path / found: App\Controller\JournalFrontendController::index
2023-12-02 09:10:37	INFO	Repository Nacho\Security\UserRepository created
2023-12-02 09:10:37	INFO	Reading data from file /var/www/html/data/secret.json
2023-12-02 09:10:37	INFO	Repository PixlMint\CMS\Repository\SecretRepository created
2023-12-02 09:10:37	ERROR	Caught message: Nacho\Nacho::getContent(): Return value must be of type Nacho\Contracts\Response, string returned
2023-12-02 09:10:38	INFO	Route for path / found: App\Controller\JournalFrontendController::index
2023-12-02 09:10:38	INFO	Route for path / found: App\Controller\JournalFrontendController::index
2023-12-02 09:10:38	INFO	Repository Nacho\Security\UserRepository created
2023-12-02 09:10:38	INFO	Repository Nacho\Security\UserRepository created
2023-12-02 09:10:38	INFO	Reading data from file /var/www/html/data/secret.json
2023-12-02 09:10:38	INFO	Reading data from file /var/www/html/data/secret.json
2023-12-02 09:10:38	INFO	Repository PixlMint\CMS\Repository\SecretRepository created
2023-12-02 09:10:38	INFO	Repository PixlMint\CMS\Repository\SecretRepository created
2023-12-02 09:10:38	ERROR	Caught message: Nacho\Nacho::getContent(): Return value must be of type Nacho\Contracts\Response, string returned
2023-12-02 09:10:38	ERROR	Caught message: Nacho\Nacho::getContent(): Return value must be of type Nacho\Contracts\Response, string returned
2023-12-02 09:12:14	INFO	Route for path / found: App\Controller\JournalFrontendController::index
2023-12-02 09:12:14	INFO	Repository Nacho\Security\UserRepository created
2023-12-02 09:12:14	INFO	Reading data from file /var/www/html/data/secret.json
2023-12-02 09:12:14	INFO	Repository PixlMint\CMS\Repository\SecretRepository created
2023-12-02 09:12:14	INFO	Route for path api/init found: PixlMint\CMS\Controllers\InitController::init
2023-12-02 09:12:14	INFO	Repository Nacho\Security\UserRepository created
2023-12-02 09:12:14	INFO	Reading data from file /var/www/html/data/secret.json
2023-12-02 09:12:14	INFO	Route for path api/entries found: PixlMint\JournalPlugin\Controllers\EntriesController::loadEntries
2023-12-02 09:12:14	INFO	Repository PixlMint\CMS\Repository\SecretRepository created
2023-12-02 09:12:14	INFO	Repository Nacho\Security\UserRepository created
2023-12-02 09:12:14	INFO	Reading data from file /var/www/html/data/secret.json
2023-12-02 09:12:14	INFO	Repository PixlMint\CMS\Repository\SecretRepository created
2023-12-02 09:12:14	INFO	Reading data from file /var/www/html/data/cache.json
2023-12-02 09:12:14	INFO	Repository PixlMint\CMS\Repository\CacheRepository created
2023-12-02 09:12:14	INFO	Route for path api/auth/create-admin found: PixlMint\CMS\Controllers\AuthenticationController::createAdmin
2023-12-02 09:12:14	INFO	Repository Nacho\Security\UserRepository created
2023-12-02 09:12:14	INFO	Reading data from file /var/www/html/data/secret.json
2023-12-02 09:12:14	INFO	Repository PixlMint\CMS\Repository\SecretRepository created
2023-12-02 09:12:15	INFO	Route for path / found: App\Controller\JournalFrontendController::index
2023-12-02 09:12:15	INFO	Route for path / found: App\Controller\JournalFrontendController::index
2023-12-02 09:12:15	INFO	Repository Nacho\Security\UserRepository created
2023-12-02 09:12:15	INFO	Repository Nacho\Security\UserRepository created
2023-12-02 09:12:15	INFO	Reading data from file /var/www/html/data/secret.json
2023-12-02 09:12:15	INFO	Reading data from file /var/www/html/data/secret.json
2023-12-02 09:12:15	INFO	Repository PixlMint\CMS\Repository\SecretRepository created
2023-12-02 09:12:15	INFO	Repository PixlMint\CMS\Repository\SecretRepository created
2023-12-02 09:12:22	INFO	Route for path api/auth/login found: PixlMint\CMS\Controllers\AuthenticationController::login
2023-12-02 09:12:22	INFO	Repository Nacho\Security\UserRepository created
2023-12-02 09:12:22	INFO	Reading data from file /var/www/html/data/secret.json
2023-12-02 09:12:22	INFO	Repository PixlMint\CMS\Repository\SecretRepository created
2023-12-02 09:12:22	ERROR	Caught message: Unable to find the user with username christian
2023-12-02 09:12:50	INFO	Route for path / found: App\Controller\JournalFrontendController::index
2023-12-02 09:12:50	INFO	Repository Nacho\Security\UserRepository created
2023-12-02 09:12:50	INFO	Repository PixlMint\CMS\Repository\SecretRepository created
2023-12-02 09:12:50	INFO	Route for path / found: App\Controller\JournalFrontendController::index
2023-12-02 09:12:50	INFO	Repository Nacho\Security\UserRepository created
2023-12-02 09:12:50	INFO	Repository PixlMint\CMS\Repository\SecretRepository created
2023-12-02 09:12:50	INFO	Route for path api/init found: PixlMint\CMS\Controllers\InitController::init
2023-12-02 09:12:50	INFO	Repository Nacho\Security\UserRepository created
2023-12-02 09:12:50	INFO	Repository PixlMint\CMS\Repository\SecretRepository created
2023-12-02 09:12:50	INFO	Route for path api/entries found: PixlMint\JournalPlugin\Controllers\EntriesController::loadEntries
2023-12-02 09:12:50	INFO	Repository Nacho\Security\UserRepository created
2023-12-02 09:12:50	INFO	Repository PixlMint\CMS\Repository\SecretRepository created
2023-12-02 09:12:50	INFO	Repository PixlMint\CMS\Repository\CacheRepository created
2023-12-02 09:12:50	INFO	Stored 0 entries in file /var/www/html/data/users.json
2023-12-02 09:12:50	INFO	Stored 0 entries in file /var/www/html/data/secret.json
2023-12-02 09:12:50	INFO	Stored 1 entries in file /var/www/html/data/cache.json
2023-12-02 09:12:50	INFO	Route for path api/auth/create-admin found: PixlMint\CMS\Controllers\AuthenticationController::createAdmin
2023-12-02 09:12:50	INFO	Reading data from file /var/www/html/data/users.json
2023-12-02 09:12:50	INFO	Repository Nacho\Security\UserRepository created
2023-12-02 09:12:50	INFO	Reading data from file /var/www/html/data/secret.json
2023-12-02 09:12:50	INFO	Repository PixlMint\CMS\Repository\SecretRepository created
2023-12-02 09:12:51	INFO	Route for path / found: App\Controller\JournalFrontendController::index
2023-12-02 09:12:51	INFO	Reading data from file /var/www/html/data/users.json
2023-12-02 09:12:51	INFO	Repository Nacho\Security\UserRepository created
2023-12-02 09:12:51	INFO	Reading data from file /var/www/html/data/secret.json
2023-12-02 09:12:51	INFO	Repository PixlMint\CMS\Repository\SecretRepository created
2023-12-02 09:12:51	INFO	Route for path / found: App\Controller\JournalFrontendController::index
2023-12-02 09:12:51	INFO	Reading data from file /var/www/html/data/users.json
2023-12-02 09:12:51	INFO	Repository Nacho\Security\UserRepository created
2023-12-02 09:12:51	INFO	Reading data from file /var/www/html/data/secret.json
2023-12-02 09:12:51	INFO	Repository PixlMint\CMS\Repository\SecretRepository created
2023-12-02 09:12:56	INFO	Route for path api/auth/create-admin found: PixlMint\CMS\Controllers\AuthenticationController::createAdmin
2023-12-02 09:12:56	INFO	Reading data from file /var/www/html/data/users.json
2023-12-02 09:12:56	INFO	Repository Nacho\Security\UserRepository created
2023-12-02 09:12:56	INFO	Reading data from file /var/www/html/data/secret.json
2023-12-02 09:12:56	INFO	Repository PixlMint\CMS\Repository\SecretRepository created
2023-12-02 09:12:56	INFO	Stored 2 entries in file /var/www/html/data/users.json
2023-12-02 09:12:56	INFO	Stored 1 entries in file /var/www/html/data/secret.json
2023-12-02 09:13:02	INFO	Route for path api/auth/login found: PixlMint\CMS\Controllers\AuthenticationController::login
2023-12-02 09:13:02	INFO	Reading data from file /var/www/html/data/users.json
2023-12-02 09:13:02	INFO	Repository Nacho\Security\UserRepository created
2023-12-02 09:13:02	INFO	Reading data from file /var/www/html/data/secret.json
2023-12-02 09:13:02	INFO	Repository PixlMint\CMS\Repository\SecretRepository created
2023-12-02 09:13:36	INFO	Route for path api/admin/entry/edit/current found: PixlMint\JournalPlugin\Controllers\AdminController::editCurrent
2023-12-02 09:13:36	INFO	Reading data from file /var/www/html/data/users.json
2023-12-02 09:13:36	INFO	Repository Nacho\Security\UserRepository created
2023-12-02 09:13:36	INFO	Reading data from file /var/www/html/data/secret.json
2023-12-02 09:13:36	INFO	Repository PixlMint\CMS\Repository\SecretRepository created
2023-12-02 09:13:37	INFO	Route for path api/admin/entry/edit found: PixlMint\JournalPlugin\Controllers\AdminController::edit
2023-12-02 09:13:37	INFO	Reading data from file /var/www/html/data/users.json
2023-12-02 09:13:37	INFO	Repository Nacho\Security\UserRepository created
2023-12-02 09:13:37	INFO	Reading data from file /var/www/html/data/secret.json
2023-12-02 09:13:37	INFO	Repository PixlMint\CMS\Repository\SecretRepository created
2023-12-02 09:13:37	INFO	Reading data from file /var/www/html/data/cache.json
2023-12-02 09:13:37	INFO	Repository PixlMint\CMS\Repository\CacheRepository created
2023-12-02 09:13:37	INFO	Route for path / found: App\Controller\JournalFrontendController::index
2023-12-02 09:13:37	INFO	Reading data from file /var/www/html/data/users.json
2023-12-02 09:13:37	INFO	Repository Nacho\Security\UserRepository created
2023-12-02 09:13:37	INFO	Reading data from file /var/www/html/data/secret.json
2023-12-02 09:13:37	INFO	Repository PixlMint\CMS\Repository\SecretRepository created
2023-12-02 09:13:49	INFO	Route for path api/admin/entry/edit found: PixlMint\JournalPlugin\Controllers\AdminController::edit
2023-12-02 09:13:49	INFO	Reading data from file /var/www/html/data/users.json
2023-12-02 09:13:49	INFO	Repository Nacho\Security\UserRepository created
2023-12-02 09:13:49	INFO	Reading data from file /var/www/html/data/secret.json
2023-12-02 09:13:49	INFO	Repository PixlMint\CMS\Repository\SecretRepository created
2023-12-02 09:13:49	INFO	Reading data from file /var/www/html/data/cache.json
2023-12-02 09:13:49	INFO	Repository PixlMint\CMS\Repository\CacheRepository created
2023-12-02 09:13:49	INFO	Stored 2 entries in file /var/www/html/data/users.json
2023-12-02 09:13:49	INFO	Stored 1 entries in file /var/www/html/data/secret.json
2023-12-02 09:13:49	INFO	Stored 1 entries in file /var/www/html/data/cache.json
2023-12-02 09:13:52	INFO	Route for path api/entries found: PixlMint\JournalPlugin\Controllers\EntriesController::loadEntries
2023-12-02 09:13:52	INFO	Reading data from file /var/www/html/data/users.json
2023-12-02 09:13:52	INFO	Repository Nacho\Security\UserRepository created
2023-12-02 09:13:52	INFO	Reading data from file /var/www/html/data/secret.json
2023-12-02 09:13:52	INFO	Repository PixlMint\CMS\Repository\SecretRepository created
2023-12-02 09:13:52	INFO	Reading data from file /var/www/html/data/cache.json
2023-12-02 09:13:52	INFO	Repository PixlMint\CMS\Repository\CacheRepository created
