2023-11-23 09:06:49	INFO	Route for path api/entries found: PixlMint\JournalPlugin\Controllers\EntriesController::loadEntries
2023-11-23 09:06:49	INFO	Reading data from file /var/www/html/data/users.json
2023-11-23 09:06:49	INFO	Repository Nacho\Security\UserRepository created
2023-11-23 09:06:49	INFO	Reading data from file /var/www/html/data/secret.json
2023-11-23 09:06:49	INFO	Repository PixlMint\CMS\Repository\SecretRepository created
2023-11-23 09:06:49	INFO	Reading data from file /var/www/html/data/cache.json
2023-11-23 09:06:49	INFO	Repository PixlMint\CMS\Repository\CacheRepository created
2023-11-23 09:06:49	INFO	Route for path api/init found: PixlMint\CMS\Controllers\InitController::init
2023-11-23 09:06:49	INFO	Reading data from file /var/www/html/data/users.json
2023-11-23 09:06:49	INFO	Repository Nacho\Security\UserRepository created
2023-11-23 09:06:49	INFO	Reading data from file /var/www/html/data/secret.json
2023-11-23 09:06:49	INFO	Repository PixlMint\CMS\Repository\SecretRepository created
2023-11-23 09:17:55	INFO	Route for path api/init found: PixlMint\CMS\Controllers\InitController::init
2023-11-23 09:17:55	INFO	Reading data from file /var/www/html/data/users.json
2023-11-23 09:17:55	INFO	Repository Nacho\Security\UserRepository created
2023-11-23 09:17:55	INFO	Reading data from file /var/www/html/data/secret.json
2023-11-23 09:17:55	INFO	Repository PixlMint\CMS\Repository\SecretRepository created
2023-11-23 09:17:55	INFO	Route for path api/entries found: PixlMint\JournalPlugin\Controllers\EntriesController::loadEntries
2023-11-23 09:17:55	INFO	Reading data from file /var/www/html/data/users.json
2023-11-23 09:17:55	INFO	Repository Nacho\Security\UserRepository created
2023-11-23 09:17:55	INFO	Reading data from file /var/www/html/data/secret.json
2023-11-23 09:17:55	INFO	Repository PixlMint\CMS\Repository\SecretRepository created
2023-11-23 09:17:55	INFO	Reading data from file /var/www/html/data/cache.json
2023-11-23 09:17:55	INFO	Repository PixlMint\CMS\Repository\CacheRepository created
2023-11-23 09:18:30	INFO	Route for path api/init found: PixlMint\CMS\Controllers\InitController::init
2023-11-23 09:18:30	INFO	Reading data from file /var/www/html/data/users.json
2023-11-23 09:18:30	INFO	Repository Nacho\Security\UserRepository created
2023-11-23 09:18:30	INFO	Reading data from file /var/www/html/data/secret.json
2023-11-23 09:18:30	INFO	Repository PixlMint\CMS\Repository\SecretRepository created
2023-11-23 09:18:30	INFO	Route for path api/entries found: PixlMint\JournalPlugin\Controllers\EntriesController::loadEntries
2023-11-23 09:18:30	INFO	Reading data from file /var/www/html/data/users.json
2023-11-23 09:18:30	INFO	Repository Nacho\Security\UserRepository created
2023-11-23 09:18:30	INFO	Reading data from file /var/www/html/data/secret.json
2023-11-23 09:18:30	INFO	Repository PixlMint\CMS\Repository\SecretRepository created
2023-11-23 09:18:30	INFO	Reading data from file /var/www/html/data/cache.json
2023-11-23 09:18:30	INFO	Repository PixlMint\CMS\Repository\CacheRepository created
2023-11-23 09:19:30	INFO	Route for path api/auth/login found: PixlMint\CMS\Controllers\AuthenticationController::login
2023-11-23 09:19:30	INFO	Reading data from file /var/www/html/data/users.json
2023-11-23 09:19:30	INFO	Repository Nacho\Security\UserRepository created
2023-11-23 09:19:30	INFO	Reading data from file /var/www/html/data/secret.json
2023-11-23 09:19:30	INFO	Repository PixlMint\CMS\Repository\SecretRepository created
2023-11-23 09:20:23	INFO	Route for path api/init found: PixlMint\CMS\Controllers\InitController::init
2023-11-23 09:20:23	INFO	Route for path api/entries found: PixlMint\JournalPlugin\Controllers\EntriesController::loadEntries
2023-11-23 09:20:23	INFO	Repository Nacho\Security\UserRepository created
2023-11-23 09:20:23	INFO	Reading data from file /var/www/html/data/secret.json
2023-11-23 09:20:23	INFO	Repository PixlMint\CMS\Repository\SecretRepository created
2023-11-23 09:20:23	INFO	Repository Nacho\Security\UserRepository created
2023-11-23 09:20:23	INFO	Reading data from file /var/www/html/data/secret.json
2023-11-23 09:20:23	INFO	Repository PixlMint\CMS\Repository\SecretRepository created
2023-11-23 09:20:23	INFO	Reading data from file /var/www/html/data/cache.json
2023-11-23 09:20:23	INFO	Repository PixlMint\CMS\Repository\CacheRepository created
2023-11-23 09:20:23	INFO	Route for path api/auth/create-admin found: PixlMint\CMS\Controllers\AuthenticationController::createAdmin
2023-11-23 09:20:23	INFO	Repository Nacho\Security\UserRepository created
2023-11-23 09:20:23	INFO	Reading data from file /var/www/html/data/secret.json
2023-11-23 09:20:23	INFO	Repository PixlMint\CMS\Repository\SecretRepository created
2023-11-23 09:22:28	INFO	Route for path api/auth/create-admin found: PixlMint\CMS\Controllers\AuthenticationController::createAdmin
2023-11-23 09:22:28	INFO	Repository Nacho\Security\UserRepository created
2023-11-23 09:22:28	INFO	Reading data from file /var/www/html/data/secret.json
2023-11-23 09:22:28	INFO	Repository PixlMint\CMS\Repository\SecretRepository created
2023-11-23 09:22:28	INFO	Stored 2 entries in file /var/www/html/data/users.json
2023-11-23 09:22:28	INFO	Stored 1 entries in file /var/www/html/data/secret.json
2023-11-23 09:27:30	INFO	Route for path api/init found: PixlMint\CMS\Controllers\InitController::init
2023-11-23 09:27:30	INFO	Reading data from file /var/www/html/data/users.json
2023-11-23 09:27:30	INFO	Repository Nacho\Security\UserRepository created
2023-11-23 09:27:30	INFO	Reading data from file /var/www/html/data/secret.json
2023-11-23 09:27:30	INFO	Repository PixlMint\CMS\Repository\SecretRepository created
2023-11-23 09:27:30	INFO	Route for path api/entries found: PixlMint\JournalPlugin\Controllers\EntriesController::loadEntries
2023-11-23 09:27:30	INFO	Reading data from file /var/www/html/data/users.json
2023-11-23 09:27:30	INFO	Repository Nacho\Security\UserRepository created
2023-11-23 09:27:30	INFO	Reading data from file /var/www/html/data/secret.json
2023-11-23 09:27:30	INFO	Repository PixlMint\CMS\Repository\SecretRepository created
2023-11-23 09:27:30	INFO	Reading data from file /var/www/html/data/cache.json
2023-11-23 09:27:30	INFO	Repository PixlMint\CMS\Repository\CacheRepository created
2023-11-23 09:27:39	INFO	Route for path api/init found: PixlMint\CMS\Controllers\InitController::init
2023-11-23 09:27:39	INFO	Route for path api/entries found: PixlMint\JournalPlugin\Controllers\EntriesController::loadEntries
2023-11-23 09:27:39	INFO	Reading data from file /var/www/html/data/users.json
2023-11-23 09:27:39	INFO	Repository Nacho\Security\UserRepository created
2023-11-23 09:27:39	INFO	Reading data from file /var/www/html/data/secret.json
2023-11-23 09:27:39	INFO	Repository PixlMint\CMS\Repository\SecretRepository created
2023-11-23 09:27:39	INFO	Reading data from file /var/www/html/data/users.json
2023-11-23 09:27:39	INFO	Repository Nacho\Security\UserRepository created
2023-11-23 09:27:39	INFO	Reading data from file /var/www/html/data/secret.json
2023-11-23 09:27:39	INFO	Repository PixlMint\CMS\Repository\SecretRepository created
2023-11-23 09:27:39	INFO	Reading data from file /var/www/html/data/cache.json
2023-11-23 09:27:39	INFO	Repository PixlMint\CMS\Repository\CacheRepository created
2023-11-23 09:28:08	INFO	Route for path api/init found: PixlMint\CMS\Controllers\InitController::init
2023-11-23 09:28:08	INFO	Route for path api/entries found: PixlMint\JournalPlugin\Controllers\EntriesController::loadEntries
2023-11-23 09:28:08	INFO	Repository Nacho\Security\UserRepository created
2023-11-23 09:28:08	INFO	Reading data from file /var/www/html/data/secret.json
2023-11-23 09:28:08	INFO	Repository PixlMint\CMS\Repository\SecretRepository created
2023-11-23 09:28:08	INFO	Repository Nacho\Security\UserRepository created
2023-11-23 09:28:08	INFO	Reading data from file /var/www/html/data/secret.json
2023-11-23 09:28:08	INFO	Repository PixlMint\CMS\Repository\SecretRepository created
2023-11-23 09:28:08	INFO	Reading data from file /var/www/html/data/cache.json
2023-11-23 09:28:08	INFO	Repository PixlMint\CMS\Repository\CacheRepository created
2023-11-23 09:28:16	INFO	Route for path api/init found: PixlMint\CMS\Controllers\InitController::init
2023-11-23 09:28:16	INFO	Repository Nacho\Security\UserRepository created
2023-11-23 09:28:16	INFO	Reading data from file /var/www/html/data/secret.json
2023-11-23 09:28:16	INFO	Repository PixlMint\CMS\Repository\SecretRepository created
2023-11-23 09:28:16	INFO	Route for path api/entries found: PixlMint\JournalPlugin\Controllers\EntriesController::loadEntries
2023-11-23 09:28:16	INFO	Repository Nacho\Security\UserRepository created
2023-11-23 09:28:16	INFO	Reading data from file /var/www/html/data/secret.json
2023-11-23 09:28:16	INFO	Repository PixlMint\CMS\Repository\SecretRepository created
2023-11-23 09:28:16	INFO	Reading data from file /var/www/html/data/cache.json
2023-11-23 09:28:16	INFO	Repository PixlMint\CMS\Repository\CacheRepository created
2023-11-23 09:29:00	INFO	Route for path api/init found: PixlMint\CMS\Controllers\InitController::init
2023-11-23 09:29:00	INFO	Route for path api/entries found: PixlMint\JournalPlugin\Controllers\EntriesController::loadEntries
2023-11-23 09:29:00	INFO	Repository Nacho\Security\UserRepository created
2023-11-23 09:29:00	INFO	Reading data from file /var/www/html/data/secret.json
2023-11-23 09:29:00	INFO	Repository PixlMint\CMS\Repository\SecretRepository created
2023-11-23 09:29:00	INFO	Repository Nacho\Security\UserRepository created
2023-11-23 09:29:00	INFO	Reading data from file /var/www/html/data/secret.json
2023-11-23 09:29:00	INFO	Repository PixlMint\CMS\Repository\SecretRepository created
2023-11-23 09:29:00	INFO	Reading data from file /var/www/html/data/cache.json
2023-11-23 09:29:00	INFO	Repository PixlMint\CMS\Repository\CacheRepository created
2023-11-23 09:29:05	INFO	Route for path api/init found: PixlMint\CMS\Controllers\InitController::init
2023-11-23 09:29:05	INFO	Route for path api/entries found: PixlMint\JournalPlugin\Controllers\EntriesController::loadEntries
2023-11-23 09:29:05	INFO	Repository Nacho\Security\UserRepository created
2023-11-23 09:29:05	INFO	Reading data from file /var/www/html/data/secret.json
2023-11-23 09:29:05	INFO	Repository PixlMint\CMS\Repository\SecretRepository created
2023-11-23 09:29:05	INFO	Repository Nacho\Security\UserRepository created
2023-11-23 09:29:05	INFO	Reading data from file /var/www/html/data/secret.json
2023-11-23 09:29:05	INFO	Repository PixlMint\CMS\Repository\SecretRepository created
2023-11-23 09:29:05	INFO	Reading data from file /var/www/html/data/cache.json
2023-11-23 09:29:05	INFO	Repository PixlMint\CMS\Repository\CacheRepository created
2023-11-23 09:29:55	INFO	Route for path api/init found: PixlMint\CMS\Controllers\InitController::init
2023-11-23 09:29:55	INFO	Repository Nacho\Security\UserRepository created
2023-11-23 09:29:55	INFO	Reading data from file /var/www/html/data/secret.json
2023-11-23 09:29:55	INFO	Repository PixlMint\CMS\Repository\SecretRepository created
2023-11-23 09:29:55	INFO	Route for path api/entries found: PixlMint\JournalPlugin\Controllers\EntriesController::loadEntries
2023-11-23 09:29:55	INFO	Repository Nacho\Security\UserRepository created
2023-11-23 09:29:55	INFO	Reading data from file /var/www/html/data/secret.json
2023-11-23 09:29:55	INFO	Repository PixlMint\CMS\Repository\SecretRepository created
2023-11-23 09:29:55	INFO	Reading data from file /var/www/html/data/cache.json
2023-11-23 09:29:55	INFO	Repository PixlMint\CMS\Repository\CacheRepository created
2023-11-23 09:31:03	INFO	Route for path api/entries found: PixlMint\JournalPlugin\Controllers\EntriesController::loadEntries
2023-11-23 09:31:03	INFO	Repository Nacho\Security\UserRepository created
2023-11-23 09:31:03	INFO	Reading data from file /var/www/html/data/secret.json
2023-11-23 09:31:03	INFO	Repository PixlMint\CMS\Repository\SecretRepository created
2023-11-23 09:31:03	INFO	Route for path api/init found: PixlMint\CMS\Controllers\InitController::init
2023-11-23 09:31:03	INFO	Reading data from file /var/www/html/data/cache.json
2023-11-23 09:31:03	INFO	Repository PixlMint\CMS\Repository\CacheRepository created
2023-11-23 09:31:03	INFO	Repository Nacho\Security\UserRepository created
2023-11-23 09:31:03	INFO	Reading data from file /var/www/html/data/secret.json
2023-11-23 09:31:03	INFO	Repository PixlMint\CMS\Repository\SecretRepository created
2023-11-23 09:32:07	INFO	Route for path api/init found: PixlMint\CMS\Controllers\InitController::init
2023-11-23 09:32:07	INFO	Repository Nacho\Security\UserRepository created
2023-11-23 09:32:07	INFO	Reading data from file /var/www/html/data/secret.json
2023-11-23 09:32:07	INFO	Repository PixlMint\CMS\Repository\SecretRepository created
2023-11-23 09:32:07	INFO	Route for path api/entries found: PixlMint\JournalPlugin\Controllers\EntriesController::loadEntries
2023-11-23 09:32:07	INFO	Repository Nacho\Security\UserRepository created
2023-11-23 09:32:07	INFO	Reading data from file /var/www/html/data/secret.json
2023-11-23 09:32:07	INFO	Repository PixlMint\CMS\Repository\SecretRepository created
2023-11-23 09:32:07	INFO	Reading data from file /var/www/html/data/cache.json
2023-11-23 09:32:07	INFO	Repository PixlMint\CMS\Repository\CacheRepository created
2023-11-23 09:32:07	INFO	Route for path api/auth/create-admin found: PixlMint\CMS\Controllers\AuthenticationController::createAdmin
2023-11-23 09:32:07	INFO	Repository Nacho\Security\UserRepository created
2023-11-23 09:32:07	INFO	Reading data from file /var/www/html/data/secret.json
2023-11-23 09:32:07	INFO	Repository PixlMint\CMS\Repository\SecretRepository created
2023-11-23 09:32:13	INFO	Route for path api/init found: PixlMint\CMS\Controllers\InitController::init
2023-11-23 09:32:13	INFO	Repository Nacho\Security\UserRepository created
2023-11-23 09:32:13	INFO	Reading data from file /var/www/html/data/secret.json
2023-11-23 09:32:13	INFO	Repository PixlMint\CMS\Repository\SecretRepository created
2023-11-23 09:32:13	INFO	Route for path api/entries found: PixlMint\JournalPlugin\Controllers\EntriesController::loadEntries
2023-11-23 09:32:13	INFO	Repository Nacho\Security\UserRepository created
2023-11-23 09:32:13	INFO	Reading data from file /var/www/html/data/secret.json
2023-11-23 09:32:13	INFO	Repository PixlMint\CMS\Repository\SecretRepository created
2023-11-23 09:32:13	INFO	Reading data from file /var/www/html/data/cache.json
2023-11-23 09:32:13	INFO	Repository PixlMint\CMS\Repository\CacheRepository created
2023-11-23 09:32:13	INFO	Route for path api/auth/create-admin found: PixlMint\CMS\Controllers\AuthenticationController::createAdmin
2023-11-23 09:32:13	INFO	Repository Nacho\Security\UserRepository created
2023-11-23 09:32:13	INFO	Reading data from file /var/www/html/data/secret.json
2023-11-23 09:32:13	INFO	Repository PixlMint\CMS\Repository\SecretRepository created
2023-11-23 09:32:22	INFO	Route for path api/init found: PixlMint\CMS\Controllers\InitController::init
2023-11-23 09:32:22	INFO	Repository Nacho\Security\UserRepository created
2023-11-23 09:32:22	INFO	Reading data from file /var/www/html/data/secret.json
2023-11-23 09:32:22	INFO	Repository PixlMint\CMS\Repository\SecretRepository created
2023-11-23 09:32:22	INFO	Route for path api/entries found: PixlMint\JournalPlugin\Controllers\EntriesController::loadEntries
2023-11-23 09:32:22	INFO	Repository Nacho\Security\UserRepository created
2023-11-23 09:32:22	INFO	Reading data from file /var/www/html/data/secret.json
2023-11-23 09:32:22	INFO	Repository PixlMint\CMS\Repository\SecretRepository created
2023-11-23 09:32:22	INFO	Reading data from file /var/www/html/data/cache.json
2023-11-23 09:32:22	INFO	Repository PixlMint\CMS\Repository\CacheRepository created
2023-11-23 09:32:22	INFO	Route for path api/auth/create-admin found: PixlMint\CMS\Controllers\AuthenticationController::createAdmin
2023-11-23 09:32:22	INFO	Repository Nacho\Security\UserRepository created
2023-11-23 09:32:22	INFO	Reading data from file /var/www/html/data/secret.json
2023-11-23 09:32:22	INFO	Repository PixlMint\CMS\Repository\SecretRepository created
2023-11-23 09:36:37	INFO	Route for path api/init found: PixlMint\CMS\Controllers\InitController::init
2023-11-23 09:36:37	INFO	Route for path api/entries found: PixlMint\JournalPlugin\Controllers\EntriesController::loadEntries
2023-11-23 09:36:37	INFO	Repository Nacho\Security\UserRepository created
2023-11-23 09:36:37	INFO	Reading data from file /var/www/html/data/secret.json
2023-11-23 09:36:37	INFO	Repository PixlMint\CMS\Repository\SecretRepository created
2023-11-23 09:36:37	INFO	Repository Nacho\Security\UserRepository created
2023-11-23 09:36:37	INFO	Reading data from file /var/www/html/data/secret.json
2023-11-23 09:36:37	INFO	Repository PixlMint\CMS\Repository\SecretRepository created
2023-11-23 09:36:37	INFO	Reading data from file /var/www/html/data/cache.json
2023-11-23 09:36:37	INFO	Repository PixlMint\CMS\Repository\CacheRepository created
2023-11-23 09:36:37	INFO	Route for path api/auth/create-admin found: PixlMint\CMS\Controllers\AuthenticationController::createAdmin
2023-11-23 09:36:37	INFO	Repository Nacho\Security\UserRepository created
2023-11-23 09:36:37	INFO	Reading data from file /var/www/html/data/secret.json
2023-11-23 09:36:37	INFO	Repository PixlMint\CMS\Repository\SecretRepository created
2023-11-23 10:05:30	INFO	Route for path api/init found: PixlMint\CMS\Controllers\InitController::init
2023-11-23 10:05:30	INFO	Route for path api/entries found: PixlMint\JournalPlugin\Controllers\EntriesController::loadEntries
2023-11-23 10:05:30	INFO	Repository Nacho\Security\UserRepository created
2023-11-23 10:05:30	INFO	Reading data from file /var/www/html/data/secret.json
2023-11-23 10:05:30	INFO	Repository PixlMint\CMS\Repository\SecretRepository created
2023-11-23 10:05:30	INFO	Repository Nacho\Security\UserRepository created
2023-11-23 10:05:30	INFO	Reading data from file /var/www/html/data/secret.json
2023-11-23 10:05:30	INFO	Repository PixlMint\CMS\Repository\SecretRepository created
2023-11-23 10:05:30	INFO	Reading data from file /var/www/html/data/cache.json
2023-11-23 10:05:30	INFO	Repository PixlMint\CMS\Repository\CacheRepository created
2023-11-23 10:05:30	INFO	Route for path api/auth/create-admin found: PixlMint\CMS\Controllers\AuthenticationController::createAdmin
2023-11-23 10:05:30	INFO	Repository Nacho\Security\UserRepository created
2023-11-23 10:05:30	INFO	Reading data from file /var/www/html/data/secret.json
2023-11-23 10:05:30	INFO	Repository PixlMint\CMS\Repository\SecretRepository created
2023-11-23 10:05:59	INFO	Route for path api/init found: PixlMint\CMS\Controllers\InitController::init
2023-11-23 10:05:59	INFO	Repository Nacho\Security\UserRepository created
2023-11-23 10:05:59	INFO	Reading data from file /var/www/html/data/secret.json
2023-11-23 10:05:59	INFO	Repository PixlMint\CMS\Repository\SecretRepository created
2023-11-23 10:05:59	INFO	Route for path api/entries found: PixlMint\JournalPlugin\Controllers\EntriesController::loadEntries
2023-11-23 10:05:59	INFO	Repository Nacho\Security\UserRepository created
2023-11-23 10:05:59	INFO	Reading data from file /var/www/html/data/secret.json
2023-11-23 10:05:59	INFO	Repository PixlMint\CMS\Repository\SecretRepository created
2023-11-23 10:05:59	INFO	Reading data from file /var/www/html/data/cache.json
2023-11-23 10:05:59	INFO	Repository PixlMint\CMS\Repository\CacheRepository created
2023-11-23 10:05:59	INFO	Route for path api/auth/create-admin found: PixlMint\CMS\Controllers\AuthenticationController::createAdmin
2023-11-23 10:05:59	INFO	Repository Nacho\Security\UserRepository created
2023-11-23 10:05:59	INFO	Reading data from file /var/www/html/data/secret.json
2023-11-23 10:05:59	INFO	Repository PixlMint\CMS\Repository\SecretRepository created
2023-11-23 10:06:06	INFO	Route for path api/entries found: PixlMint\JournalPlugin\Controllers\EntriesController::loadEntries
2023-11-23 10:06:06	INFO	Repository Nacho\Security\UserRepository created
2023-11-23 10:06:06	INFO	Reading data from file /var/www/html/data/secret.json
2023-11-23 10:06:06	INFO	Repository PixlMint\CMS\Repository\SecretRepository created
2023-11-23 10:06:06	INFO	Reading data from file /var/www/html/data/cache.json
2023-11-23 10:06:06	INFO	Route for path api/init found: PixlMint\CMS\Controllers\InitController::init
2023-11-23 10:06:06	INFO	Repository PixlMint\CMS\Repository\CacheRepository created
2023-11-23 10:06:06	INFO	Repository Nacho\Security\UserRepository created
2023-11-23 10:06:06	INFO	Reading data from file /var/www/html/data/secret.json
2023-11-23 10:06:06	INFO	Repository PixlMint\CMS\Repository\SecretRepository created
2023-11-23 10:06:06	INFO	Route for path api/auth/create-admin found: PixlMint\CMS\Controllers\AuthenticationController::createAdmin
2023-11-23 10:06:06	INFO	Repository Nacho\Security\UserRepository created
2023-11-23 10:06:06	INFO	Reading data from file /var/www/html/data/secret.json
2023-11-23 10:06:06	INFO	Repository PixlMint\CMS\Repository\SecretRepository created
2023-11-23 10:06:13	INFO	Route for path api/init found: PixlMint\CMS\Controllers\InitController::init
2023-11-23 10:06:13	INFO	Repository Nacho\Security\UserRepository created
2023-11-23 10:06:13	INFO	Reading data from file /var/www/html/data/secret.json
2023-11-23 10:06:13	INFO	Repository PixlMint\CMS\Repository\SecretRepository created
2023-11-23 10:06:13	INFO	Route for path api/entries found: PixlMint\JournalPlugin\Controllers\EntriesController::loadEntries
2023-11-23 10:06:13	INFO	Repository Nacho\Security\UserRepository created
2023-11-23 10:06:13	INFO	Reading data from file /var/www/html/data/secret.json
2023-11-23 10:06:13	INFO	Repository PixlMint\CMS\Repository\SecretRepository created
2023-11-23 10:06:13	INFO	Reading data from file /var/www/html/data/cache.json
2023-11-23 10:06:13	INFO	Repository PixlMint\CMS\Repository\CacheRepository created
2023-11-23 10:06:13	INFO	Route for path api/auth/create-admin found: PixlMint\CMS\Controllers\AuthenticationController::createAdmin
2023-11-23 10:06:13	INFO	Repository Nacho\Security\UserRepository created
2023-11-23 10:06:13	INFO	Reading data from file /var/www/html/data/secret.json
2023-11-23 10:06:13	INFO	Repository PixlMint\CMS\Repository\SecretRepository created
2023-11-23 10:06:17	INFO	Route for path api/init found: PixlMint\CMS\Controllers\InitController::init
2023-11-23 10:06:17	INFO	Route for path api/entries found: PixlMint\JournalPlugin\Controllers\EntriesController::loadEntries
2023-11-23 10:06:17	INFO	Repository Nacho\Security\UserRepository created
2023-11-23 10:06:17	INFO	Reading data from file /var/www/html/data/secret.json
2023-11-23 10:06:17	INFO	Repository PixlMint\CMS\Repository\SecretRepository created
2023-11-23 10:06:17	INFO	Repository Nacho\Security\UserRepository created
2023-11-23 10:06:17	INFO	Reading data from file /var/www/html/data/secret.json
2023-11-23 10:06:17	INFO	Repository PixlMint\CMS\Repository\SecretRepository created
2023-11-23 10:06:17	INFO	Reading data from file /var/www/html/data/cache.json
2023-11-23 10:06:17	INFO	Repository PixlMint\CMS\Repository\CacheRepository created
2023-11-23 10:06:17	INFO	Route for path api/auth/create-admin found: PixlMint\CMS\Controllers\AuthenticationController::createAdmin
2023-11-23 10:06:17	INFO	Repository Nacho\Security\UserRepository created
2023-11-23 10:06:17	INFO	Reading data from file /var/www/html/data/secret.json
2023-11-23 10:06:17	INFO	Repository PixlMint\CMS\Repository\SecretRepository created
